<?xml version="1.0" encoding="UTF-8"?>
<!-- Generated by org.testng.reporters.JUnitXMLReporter -->
<testsuite ignored="10" hostname="Ranjit-PC" failures="0" tests="1" name="Default test" time="0.066" errors="0" timestamp="08 Apr 2019 05:54:45 GMT">
  <testcase classname="org.ranjit.examples.CarTest" name="testArrayCopy" time="0.026"/>
  <testcase classname="org.ranjit.examples.CarTest" name="hellowRanjit" time="0.0">
    <ignored/>
  </testcase> <!-- hellowRanjit -->
  <testcase classname="org.ranjit.examples.CarTest" name="testSL4jLogger" time="0.0">
    <ignored/>
  </testcase> <!-- testSL4jLogger -->
  <testcase classname="org.ranjit.examples.CarTest" name="shouldreturnNoOfhellowNewCar" time="0.0">
    <ignored/>
  </testcase> <!-- shouldreturnNoOfhellowNewCar -->
  <testcase classname="org.ranjit.examples.CarTest" name="testMainMethod" time="0.0">
    <ignored/>
  </testcase> <!-- testMainMethod -->
  <testcase classname="org.ranjit.examples.CarTest" name="testEnum" time="0.0">
    <ignored/>
  </testcase> <!-- testEnum -->
  <testcase classname="org.ranjit.examples.CarTest" name="shouldReturnNoOfHelloNewCarLoop" time="0.0">
    <ignored/>
  </testcase> <!-- shouldReturnNoOfHelloNewCarLoop -->
  <testcase classname="org.ranjit.examples.CarTest" name="tryStaticFinal" time="0.0">
    <ignored/>
  </testcase> <!-- tryStaticFinal -->
  <testcase classname="org.ranjit.examples.CarTest" name="testSwitchCase" time="0.0">
    <ignored/>
  </testcase> <!-- testSwitchCase -->
  <testcase classname="org.ranjit.examples.CarTest" name="booleantest" time="0.0">
    <ignored/>
  </testcase> <!-- booleantest -->
  <testcase classname="org.ranjit.examples.CarTest" name="sampleArray" time="0.0">
    <ignored/>
  </testcase> <!-- sampleArray -->
</testsuite> <!-- Default test -->
