<?xml version="1.0" encoding="UTF-8"?>
<testng-results ignored="10" total="11" passed="1" failed="0" skipped="0">
  <reporter-output>
  </reporter-output>
  <suite started-at="2019-04-08T05:54:45Z" name="Default suite" finished-at="2019-04-08T05:54:45Z" duration-ms="66">
    <groups>
    </groups>
    <test started-at="2019-04-08T05:54:45Z" name="Default test" finished-at="2019-04-08T05:54:45Z" duration-ms="66">
      <class name="org.ranjit.examples.CarTest">
        <test-method signature="testArrayCopy()[pri:0, instance:org.ranjit.examples.CarTest@b9b00e0]" started-at="2019-04-08T05:54:45Z" name="testArrayCopy" finished-at="2019-04-08T05:54:45Z" duration-ms="26" status="PASS">
          <reporter-output>
          </reporter-output>
        </test-method> <!-- testArrayCopy -->
      </class> <!-- org.ranjit.examples.CarTest -->
    </test> <!-- Default test -->
  </suite> <!-- Default suite -->
</testng-results>
